e:\软件\学习中\clr\摄像头拍照\摄像头拍照\debug\小区人员管理系统.pch
e:\软件\学习中\clr\摄像头拍照\摄像头拍照\debug\vc141.pdb
e:\软件\学习中\clr\摄像头拍照\摄像头拍照\debug\stdafx.obj
e:\软件\学习中\clr\摄像头拍照\摄像头拍照\debug\摄像头拍照.obj
e:\软件\学习中\clr\摄像头拍照\摄像头拍照\debug\pictool.obj
e:\软件\学习中\clr\摄像头拍照\摄像头拍照\debug\mytool.obj
e:\软件\学习中\clr\摄像头拍照\摄像头拍照\debug\myform.obj
e:\软件\学习中\clr\摄像头拍照\摄像头拍照\debug\mainform.obj
e:\软件\学习中\clr\摄像头拍照\摄像头拍照\debug\loginform.obj
e:\软件\学习中\clr\摄像头拍照\摄像头拍照\debug\formsmanager.obj
e:\软件\学习中\clr\摄像头拍照\摄像头拍照\debug\faceapi.obj
e:\软件\学习中\clr\摄像头拍照\摄像头拍照\debug\cpersoninfo.obj
e:\软件\学习中\clr\摄像头拍照\摄像头拍照\debug\configmanager.obj
e:\软件\学习中\clr\摄像头拍照\摄像头拍照\debug\cdeviceinfo.obj
e:\软件\学习中\clr\摄像头拍照\摄像头拍照\debug\assemblyinfo.obj
e:\软件\学习中\clr\摄像头拍照\debug\aforge.controls.dll
e:\软件\学习中\clr\摄像头拍照\debug\aforge.imaging.dll
e:\软件\学习中\clr\摄像头拍照\debug\aforge.video.directshow.dll
e:\软件\学习中\clr\摄像头拍照\debug\aforge.video.dll
e:\软件\学习中\clr\摄像头拍照\debug\mysql.data.dll
e:\软件\学习中\clr\摄像头拍照\debug\newtonsoft.json.dll
e:\软件\学习中\clr\摄像头拍照\debug\system.data.sqlite.dll
e:\软件\学习中\clr\摄像头拍照\debug\aforge.dll
e:\软件\学习中\clr\摄像头拍照\debug\aforge.math.dll
e:\软件\学习中\clr\摄像头拍照\debug\aforge.controls.xml
e:\软件\学习中\clr\摄像头拍照\debug\aforge.imaging.xml
e:\软件\学习中\clr\摄像头拍照\debug\aforge.video.xml
e:\软件\学习中\clr\摄像头拍照\debug\aforge.video.directshow.xml
e:\软件\学习中\clr\摄像头拍照\debug\newtonsoft.json.pdb
e:\软件\学习中\clr\摄像头拍照\debug\newtonsoft.json.xml
e:\软件\学习中\clr\摄像头拍照\debug\system.data.sqlite.pdb
e:\软件\学习中\clr\摄像头拍照\debug\system.data.sqlite.xml
e:\软件\学习中\clr\摄像头拍照\debug\system.data.sqlite.dll.config
e:\软件\学习中\clr\摄像头拍照\debug\aforge.xml
e:\软件\学习中\clr\摄像头拍照\debug\aforge.math.xml
e:\软件\学习中\clr\摄像头拍照\摄像头拍照\debug\小区人员管理系统.tlog\cl.command.1.tlog
e:\软件\学习中\clr\摄像头拍照\摄像头拍照\debug\小区人员管理系统.tlog\cl.read.1.tlog
e:\软件\学习中\clr\摄像头拍照\摄像头拍照\debug\小区人员管理系统.tlog\cl.write.1.tlog
e:\软件\学习中\clr\摄像头拍照\摄像头拍照\debug\小区人员管理系统.tlog\metagen.write.1.tlog
e:\软件\学习中\clr\摄像头拍照\摄像头拍照\debug\小区人员管理系统.tlog\小区人员管理系统.write.1u.tlog
