e:\软件\学习中\clr\摄像头拍照\摄像头拍照\release\小区人员管理系统.pch
e:\软件\学习中\clr\摄像头拍照\摄像头拍照\release\vc141.pdb
e:\软件\学习中\clr\摄像头拍照\摄像头拍照\release\stdafx.obj
e:\软件\学习中\clr\摄像头拍照\摄像头拍照\release\摄像头拍照.obj
e:\软件\学习中\clr\摄像头拍照\摄像头拍照\release\pictool.obj
e:\软件\学习中\clr\摄像头拍照\摄像头拍照\release\mytool.obj
e:\软件\学习中\clr\摄像头拍照\摄像头拍照\release\myform.obj
e:\软件\学习中\clr\摄像头拍照\摄像头拍照\release\mainform.obj
e:\软件\学习中\clr\摄像头拍照\摄像头拍照\release\loginform.obj
e:\软件\学习中\clr\摄像头拍照\摄像头拍照\release\formsmanager.obj
e:\软件\学习中\clr\摄像头拍照\摄像头拍照\release\faceapi.obj
e:\软件\学习中\clr\摄像头拍照\摄像头拍照\release\cpersoninfo.obj
e:\软件\学习中\clr\摄像头拍照\摄像头拍照\release\configmanager.obj
e:\软件\学习中\clr\摄像头拍照\摄像头拍照\release\assemblyinfo.obj
e:\软件\学习中\clr\摄像头拍照\摄像头拍照\release\.netframework,version=v4.0.assemblyattributes.obj
e:\软件\学习中\clr\摄像头拍照\摄像头拍照\release\.netframework,version=v4.0.assemblyattributes.asm
e:\软件\学习中\clr\摄像头拍照\release\小区人员管理系统.exe
e:\软件\学习中\clr\摄像头拍照\release\小区人员管理系统.pdb
e:\软件\学习中\clr\摄像头拍照\摄像头拍照\release\小区人员管理系统.tlog\metagen.write.1.tlog
e:\软件\学习中\clr\摄像头拍照\摄像头拍照\release\app.res
e:\软件\学习中\clr\摄像头拍照\release\aforge.controls.dll
e:\软件\学习中\clr\摄像头拍照\release\aforge.imaging.dll
e:\软件\学习中\clr\摄像头拍照\release\aforge.video.directshow.dll
e:\软件\学习中\clr\摄像头拍照\release\aforge.video.dll
e:\软件\学习中\clr\摄像头拍照\release\mysql.data.dll
e:\软件\学习中\clr\摄像头拍照\release\system.data.sqlite.dll
e:\软件\学习中\clr\摄像头拍照\release\aforge.dll
e:\软件\学习中\clr\摄像头拍照\release\aforge.math.dll
e:\软件\学习中\clr\摄像头拍照\release\aforge.controls.xml
e:\软件\学习中\clr\摄像头拍照\release\aforge.imaging.xml
e:\软件\学习中\clr\摄像头拍照\release\aforge.video.xml
e:\软件\学习中\clr\摄像头拍照\release\aforge.video.directshow.xml
e:\软件\学习中\clr\摄像头拍照\release\system.data.sqlite.pdb
e:\软件\学习中\clr\摄像头拍照\release\system.data.sqlite.xml
e:\软件\学习中\clr\摄像头拍照\release\system.data.sqlite.dll.config
e:\软件\学习中\clr\摄像头拍照\release\aforge.xml
e:\软件\学习中\clr\摄像头拍照\release\aforge.math.xml
e:\软件\学习中\clr\摄像头拍照\摄像头拍照\release\摄像头拍照.loginform.resources
e:\软件\学习中\clr\摄像头拍照\摄像头拍照\release\摄像头拍照.mainform.resources
e:\软件\学习中\clr\摄像头拍照\摄像头拍照\release\摄像头拍照.myform.resources
e:\软件\学习中\clr\摄像头拍照\摄像头拍照\release\摄像头拍照.vcxproj.generateresource.cache
e:\软件\学习中\clr\摄像头拍照\摄像头拍照\release\小区人员管理系统.tlog\cl.command.1.tlog
e:\软件\学习中\clr\摄像头拍照\摄像头拍照\release\小区人员管理系统.tlog\cl.read.1.tlog
e:\软件\学习中\clr\摄像头拍照\摄像头拍照\release\小区人员管理系统.tlog\cl.write.1.tlog
e:\软件\学习中\clr\摄像头拍照\摄像头拍照\release\小区人员管理系统.tlog\link.command.1.tlog
e:\软件\学习中\clr\摄像头拍照\摄像头拍照\release\小区人员管理系统.tlog\link.read.1.tlog
e:\软件\学习中\clr\摄像头拍照\摄像头拍照\release\小区人员管理系统.tlog\link.write.1.tlog
e:\软件\学习中\clr\摄像头拍照\摄像头拍照\release\小区人员管理系统.tlog\metagen.read.1.tlog
e:\软件\学习中\clr\摄像头拍照\摄像头拍照\release\小区人员管理系统.tlog\rc.command.1.tlog
e:\软件\学习中\clr\摄像头拍照\摄像头拍照\release\小区人员管理系统.tlog\rc.read.1.tlog
e:\软件\学习中\clr\摄像头拍照\摄像头拍照\release\小区人员管理系统.tlog\rc.write.1.tlog
e:\软件\学习中\clr\摄像头拍照\摄像头拍照\release\小区人员管理系统.tlog\小区人员管理系统.write.1u.tlog
e:\软件\学习中\clr\摄像头拍照\摄像头拍照\release\小区人员管理系统.tlog\aforge.video.dll.metagen
e:\软件\学习中\clr\摄像头拍照\摄像头拍照\release\小区人员管理系统.tlog\mysql.data.dll.metagen
e:\软件\学习中\clr\摄像头拍照\摄像头拍照\release\小区人员管理系统.tlog\system.data.sqlite.dll.metagen
e:\软件\学习中\clr\摄像头拍照\摄像头拍照\release\小区人员管理系统.tlog\tzres.dll.bi
